<?xml version="1.0" encoding="UTF-8"?>
<!-- Generated by org.testng.reporters.JUnitReportReporter -->
<testsuite hostname="DESKTOP-Q9GQ119" failures="0" tests="1" name="test.LoginValidation" time="7.792" errors="0" timestamp="2023-11-28T20:38:32 PST" skipped="0">
  <testcase classname="test.LoginValidation" name="ValidateCredentials" time="7.792"/>
  <system-out/>
</testsuite> <!-- test.LoginValidation -->
